<?xml version="1.0" encoding="UTF-8"?>

<testsuite name="flexUnitTests.SolutionOneTest" tests="1" failures="0" errors="0" skipped="0" time="0.027" hostname="DADI-PC" timestamp="2013-06-10T21:49:17">
  <testcase classname="flexUnitTests::SolutionOneTest" name="testAdd" time="0.027"/>
</testsuite>
